<?xml version="1.0" encoding="UTF-8"?>
<!-- Generated by org.testng.reporters.JUnitReportReporter -->
<testsuite hostname="URMILA" failures="0" tests="2" name="com.QaLegendProject.Scripts.StockTransferTest" time="2.346" errors="0" timestamp="2023-06-21T14:50:41 IST" skipped="0">
  <testcase classname="com.QaLegendProject.Scripts.StockTransferTest" name="clickStockTransferList" time="1.940"/>
  <system-out/>
  <testcase classname="com.QaLegendProject.Scripts.StockTransferTest" name="checkingShowEntriesDropdownText" time="0.406"/>
  <system-out/>
</testsuite> <!-- com.QaLegendProject.Scripts.StockTransferTest -->
