<?xml version="1.0" encoding="UTF-8"?>
<!-- Generated by org.testng.reporters.JUnitReportReporter -->
<testsuite hostname="URMILA" failures="0" tests="8" name="com.QaLegendProject.Scripts.StockTransferListTest" time="18.340" errors="0" timestamp="2023-06-29T13:27:37 IST" skipped="2">
  <testcase classname="com.QaLegendProject.Scripts.StockTransferListTest" name="clickStockTransferList" time="1.720"/>
  <system-out/>
  <testcase classname="com.QaLegendProject.Scripts.StockTransferListTest" name="checkingShowEntriesDropdownText" time="2.405"/>
  <system-out/>
  <testcase classname="com.QaLegendProject.Scripts.StockTransferListTest" name="viewDeatailsFunctionality" time="0.378"/>
  <system-out/>
  <testcase classname="com.QaLegendProject.Scripts.StockTransferListTest" name="viewDeatailsFunctionality" time="0.130">
    <skipped/>
  </testcase> <!-- viewDeatailsFunctionality -->
  <system-out/>
  <testcase classname="com.QaLegendProject.Scripts.StockTransferListTest" name="verifyNoOfColumns" time="0.025"/>
  <system-out/>
  <testcase classname="com.QaLegendProject.Scripts.StockTransferListTest" name="checkingWebtableElementPresent" time="3.793"/>
  <system-out/>
  <testcase classname="com.QaLegendProject.Scripts.StockTransferListTest" name="checkingCopyFunctionality" time="5.123">
    <skipped/>
  </testcase> <!-- checkingCopyFunctionality -->
  <system-out/>
  <testcase classname="com.QaLegendProject.Scripts.StockTransferListTest" name="checkingCopyFunctionality" time="4.766"/>
  <system-out/>
</testsuite> <!-- com.QaLegendProject.Scripts.StockTransferListTest -->
