<?xml version="1.0" encoding="UTF-8"?>
<!-- Generated by org.testng.reporters.JUnitReportReporter -->
<testsuite hostname="URMILA" failures="0" tests="4" name="com.QaLegendProject.Scripts.LoginTest" time="7.658" errors="0" timestamp="2023-06-29T13:27:37 IST" skipped="0">
  <testcase classname="com.QaLegendProject.Scripts.LoginTest" name="verifySigninInvalidUserValidPassword" time="1.520"/>
  <system-out/>
  <testcase classname="com.QaLegendProject.Scripts.LoginTest" name="verifySigninValidUserInvalidPassword" time="1.662"/>
  <system-out/>
  <testcase classname="com.QaLegendProject.Scripts.LoginTest" name="verifySigninInvalidUserInvalidPassword" time="1.348"/>
  <system-out/>
  <testcase classname="com.QaLegendProject.Scripts.LoginTest" name="verifySigninValidUserValidPassword" time="3.128"/>
  <system-out/>
</testsuite> <!-- com.QaLegendProject.Scripts.LoginTest -->
