<?xml version="1.0" encoding="UTF-8"?>
<!-- Generated by org.testng.reporters.JUnitReportReporter -->
<testsuite hostname="URMILA" failures="0" tests="1" name="com.QaLegendProject.Scripts.AddPurchaseTest" time="3.785" errors="0" timestamp="2023-06-29T13:27:37 IST" skipped="0">
  <testcase classname="com.QaLegendProject.Scripts.AddPurchaseTest" name="checkinkFileUploadFunctionality" time="3.785"/>
  <system-out/>
</testsuite> <!-- com.QaLegendProject.Scripts.AddPurchaseTest -->
